# JRE version: OpenJDK Runtime Environment Microsoft-7208460 (11.0.18+10) (build 11.0.18+10-LTS)
# Java VM: OpenJDK 64-Bit Server VM Microsoft-7208460 (11.0.18+10-LTS, mixed mode, tiered, compressed oops, g1 gc, windows-amd64)
Heap:
 garbage-first heap   total 65536K, used 9713K [0x00000000fc000000, 0x0000000100000000)
  region size 1024K, 2 young (2048K), 1 survivors (1024K)
 Metaspace       used 11832K, capacity 12065K, committed 12160K, reserved 1060864K
  class space    used 1259K, capacity 1340K, committed 1408K, reserved 1048576K
GC Heap History (17 events):
Event: 1.249 GC heap before
{Heap before GC invocations=0 (full 0):
 garbage-first heap   total 65536K, used 16384K [0x00000000fc000000, 0x0000000100000000)
  region size 1024K, 14 young (14336K), 0 survivors (0K)
 Metaspace       used 7662K, capacity 7825K, committed 7936K, reserved 1056768K
  class space    used 674K, capacity 754K, committed 768K, reserved 1048576K
}
Event: 1.257 GC heap after
{Heap after GC invocations=1 (full 0):
 garbage-first heap   total 65536K, used 3076K [0x00000000fc000000, 0x0000000100000000)
  region size 1024K, 2 young (2048K), 2 survivors (2048K)
 Metaspace       used 7662K, capacity 7825K, committed 7936K, reserved 1056768K
  class space    used 674K, capacity 754K, committed 768K, reserved 1048576K
}
Event: 1.351 GC heap before
{Heap before GC invocations=1 (full 0):
 garbage-first heap   total 65536K, used 3076K [0x00000000fc000000, 0x0000000100000000)
  region size 1024K, 3 young (3072K), 2 survivors (2048K)
 Metaspace       used 7837K, capacity 8017K, committed 8192K, reserved 1056768K
  class space    used 691K, capacity 754K, committed 768K, reserved 1048576K
}
Event: 1.355 GC heap after
{Heap after GC invocations=2 (full 0):
 garbage-first heap   total 65536K, used 3606K [0x00000000fc000000, 0x0000000100000000)
  region size 1024K, 1 young (1024K), 1 survivors (1024K)
 Metaspace       used 7837K, capacity 8017K, committed 8192K, reserved 1056768K
  class space    used 691K, capacity 754K, committed 768K, reserved 1048576K
}
Event: 1.467 GC heap before
{Heap before GC invocations=2 (full 0):
 garbage-first heap   total 65536K, used 7702K [0x00000000fc000000, 0x0000000100000000)
  region size 1024K, 3 young (3072K), 1 survivors (1024K)
 Metaspace       used 7856K, capacity 8017K, committed 8192K, reserved 1056768K
  class space    used 691K, capacity 754K, committed 768K, reserved 1048576K
}
Event: 1.468 GC heap after
{Heap after GC invocations=3 (full 0):
 garbage-first heap   total 65536K, used 7994K [0x00000000fc000000, 0x0000000100000000)
  region size 1024K, 1 young (1024K), 1 survivors (1024K)
 Metaspace       used 7856K, capacity 8017K, committed 8192K, reserved 1056768K
  class space    used 691K, capacity 754K, committed 768K, reserved 1048576K
}
Event: 1.562 GC heap before
{Heap before GC invocations=3 (full 0):
 garbage-first heap   total 65536K, used 9018K [0x00000000fc000000, 0x0000000100000000)
  region size 1024K, 3 young (3072K), 1 survivors (1024K)
 Metaspace       used 8223K, capacity 8439K, committed 8576K, reserved 1056768K
  class space    used 738K, capacity 788K, committed 896K, reserved 1048576K
}
Event: 1.563 GC heap after
{Heap after GC invocations=4 (full 0):
 garbage-first heap   total 65536K, used 8879K [0x00000000fc000000, 0x0000000100000000)
  region size 1024K, 1 young (1024K), 1 survivors (1024K)
 Metaspace       used 8223K, capacity 8439K, committed 8576K, reserved 1056768K
  class space    used 738K, capacity 788K, committed 896K, reserved 1048576K
}
Event: 1.703 GC heap before
{Heap before GC invocations=4 (full 0):
 garbage-first heap   total 65536K, used 10927K [0x00000000fc000000, 0x0000000100000000)
  region size 1024K, 3 young (3072K), 1 survivors (1024K)
 Metaspace       used 9395K, capacity 9642K, committed 9728K, reserved 1058816K
  class space    used 895K, capacity 1000K, committed 1024K, reserved 1048576K
}
Event: 1.705 GC heap after
{Heap after GC invocations=5 (full 0):
 garbage-first heap   total 65536K, used 9105K [0x00000000fc000000, 0x0000000100000000)
  region size 1024K, 1 young (1024K), 1 survivors (1024K)
 Metaspace       used 9395K, capacity 9642K, committed 9728K, reserved 1058816K
  class space    used 895K, capacity 1000K, committed 1024K, reserved 1048576K
}
Event: 1.875 GC heap before
{Heap before GC invocations=5 (full 0):
 garbage-first heap   total 65536K, used 11153K [0x00000000fc000000, 0x0000000100000000)
  region size 1024K, 3 young (3072K), 1 survivors (1024K)
 Metaspace       used 9755K, capacity 9962K, committed 10112K, reserved 1058816K
  class space    used 967K, capacity 1064K, committed 1152K, reserved 1048576K
}
Event: 1.877 GC heap after
{Heap after GC invocations=6 (full 0):
 garbage-first heap   total 65536K, used 9190K [0x00000000fc000000, 0x0000000100000000)
  region size 1024K, 1 young (1024K), 1 survivors (1024K)
 Metaspace       used 9755K, capacity 9962K, committed 10112K, reserved 1058816K
  class space    used 967K, capacity 1064K, committed 1152K, reserved 1048576K
}
Event: 1.988 GC heap before
{Heap before GC invocations=6 (full 0):
 garbage-first heap   total 65536K, used 11238K [0x00000000fc000000, 0x0000000100000000)
  region size 1024K, 3 young (3072K), 1 survivors (1024K)
 Metaspace       used 10680K, capacity 10918K, committed 11264K, reserved 1058816K
  class space    used 1088K, capacity 1168K, committed 1280K, reserved 1048576K
}
Event: 1.990 GC heap after
{Heap after GC invocations=7 (full 0):
 garbage-first heap   total 65536K, used 9490K [0x00000000fc000000, 0x0000000100000000)
  region size 1024K, 1 young (1024K), 1 survivors (1024K)
 Metaspace       used 10680K, capacity 10918K, committed 11264K, reserved 1058816K
  class space    used 1088K, capacity 1168K, committed 1280K, reserved 1048576K
}
Event: 2.086 GC heap before
{Heap before GC invocations=7 (full 0):
 garbage-first heap   total 65536K, used 10514K [0x00000000fc000000, 0x0000000100000000)
  region size 1024K, 3 young (3072K), 1 survivors (1024K)
 Metaspace       used 11055K, capacity 11324K, committed 11520K, reserved 1058816K
  class space    used 1147K, capacity 1242K, committed 1280K, reserved 1048576K
}
Event: 2.088 GC heap after
{Heap after GC invocations=8 (full 0):
 garbage-first heap   total 65536K, used 9620K [0x00000000fc000000, 0x0000000100000000)
  region size 1024K, 1 young (1024K), 1 survivors (1024K)
 Metaspace       used 11055K, capacity 11324K, committed 11520K, reserved 1058816K
  class space    used 1147K, capacity 1242K, committed 1280K, reserved 1048576K
}
Event: 2.234 GC heap before
{Heap before GC invocations=8 (full 0):
 garbage-first heap   total 65536K, used 12692K [0x00000000fc000000, 0x0000000100000000)
  region size 1024K, 4 young (4096K), 1 survivors (1024K)
 Metaspace       used 11728K, capacity 11935K, committed 12160K, reserved 1060864K
  class space    used 1246K, capacity 1339K, committed 1408K, reserved 1048576K
}

