# JRE version: OpenJDK Runtime Environment Microsoft-7208460 (11.0.18+10) (build 11.0.18+10-LTS)
# Java VM: OpenJDK 64-Bit Server VM Microsoft-7208460 (11.0.18+10-LTS, mixed mode, tiered, compressed oops, g1 gc, windows-amd64)
Heap:
 garbage-first heap   total 248832K, used 157251K [0x0000000080000000, 0x0000000100000000)
  region size 1024K, 8 young (8192K), 6 survivors (6144K)
 Metaspace       used 113606K, capacity 117420K, committed 117456K, reserved 618496K
  class space    used 14760K, capacity 16174K, committed 16204K, reserved 516096K
GC Heap History (20 events):
Event: 50.200 GC heap before
{Heap before GC invocations=77 (full 0):
 garbage-first heap   total 172032K, used 148212K [0x0000000080000000, 0x0000000100000000)
  region size 1024K, 14 young (14336K), 1 survivors (1024K)
 Metaspace       used 103554K, capacity 107256K, committed 107472K, reserved 610304K
  class space    used 13503K, capacity 14884K, committed 14924K, reserved 516096K
}
Event: 50.206 GC heap after
{Heap after GC invocations=78 (full 0):
 garbage-first heap   total 172032K, used 136242K [0x0000000080000000, 0x0000000100000000)
  region size 1024K, 2 young (2048K), 2 survivors (2048K)
 Metaspace       used 103554K, capacity 107256K, committed 107472K, reserved 610304K
  class space    used 13503K, capacity 14884K, committed 14924K, reserved 516096K
}
Event: 50.652 GC heap before
{Heap before GC invocations=78 (full 0):
 garbage-first heap   total 172032K, used 148530K [0x0000000080000000, 0x0000000100000000)
  region size 1024K, 14 young (14336K), 2 survivors (2048K)
 Metaspace       used 104012K, capacity 107748K, committed 107856K, reserved 610304K
  class space    used 13569K, capacity 15000K, committed 15052K, reserved 516096K
}
Event: 50.661 GC heap after
{Heap after GC invocations=79 (full 0):
 garbage-first heap   total 172032K, used 138292K [0x0000000080000000, 0x0000000100000000)
  region size 1024K, 2 young (2048K), 2 survivors (2048K)
 Metaspace       used 104012K, capacity 107748K, committed 107856K, reserved 610304K
  class space    used 13569K, capacity 15000K, committed 15052K, reserved 516096K
}
Event: 50.923 GC heap before
{Heap before GC invocations=80 (full 0):
 garbage-first heap   total 172032K, used 148532K [0x0000000080000000, 0x0000000100000000)
  region size 1024K, 12 young (12288K), 2 survivors (2048K)
 Metaspace       used 104533K, capacity 108219K, committed 108496K, reserved 610304K
  class space    used 13632K, capacity 15046K, committed 15180K, reserved 516096K
}
Event: 50.933 GC heap after
{Heap after GC invocations=81 (full 0):
 garbage-first heap   total 172032K, used 140352K [0x0000000080000000, 0x0000000100000000)
  region size 1024K, 2 young (2048K), 2 survivors (2048K)
 Metaspace       used 104533K, capacity 108219K, committed 108496K, reserved 610304K
  class space    used 13632K, capacity 15046K, committed 15180K, reserved 516096K
}
Event: 51.096 GC heap before
{Heap before GC invocations=81 (full 0):
 garbage-first heap   total 172032K, used 149568K [0x0000000080000000, 0x0000000100000000)
  region size 1024K, 11 young (11264K), 2 survivors (2048K)
 Metaspace       used 105140K, capacity 108882K, committed 109008K, reserved 610304K
  class space    used 13693K, capacity 15091K, committed 15180K, reserved 516096K
}
Event: 51.104 GC heap after
{Heap after GC invocations=82 (full 0):
 garbage-first heap   total 172032K, used 141361K [0x0000000080000000, 0x0000000100000000)
  region size 1024K, 2 young (2048K), 2 survivors (2048K)
 Metaspace       used 105140K, capacity 108882K, committed 109008K, reserved 610304K
  class space    used 13693K, capacity 15091K, committed 15180K, reserved 516096K
}
Event: 51.348 GC heap before
{Heap before GC invocations=82 (full 0):
 garbage-first heap   total 172032K, used 149553K [0x0000000080000000, 0x0000000100000000)
  region size 1024K, 10 young (10240K), 2 survivors (2048K)
 Metaspace       used 105567K, capacity 109306K, committed 109648K, reserved 612352K
  class space    used 13749K, capacity 15188K, committed 15308K, reserved 516096K
}
Event: 51.354 GC heap after
{Heap after GC invocations=83 (full 0):
 garbage-first heap   total 206848K, used 141718K [0x0000000080000000, 0x0000000100000000)
  region size 1024K, 2 young (2048K), 2 survivors (2048K)
 Metaspace       used 105567K, capacity 109306K, committed 109648K, reserved 612352K
  class space    used 13749K, capacity 15188K, committed 15308K, reserved 516096K
}
Event: 53.467 GC heap before
{Heap before GC invocations=84 (full 0):
 garbage-first heap   total 206848K, used 163222K [0x0000000080000000, 0x0000000100000000)
  region size 1024K, 23 young (23552K), 2 survivors (2048K)
 Metaspace       used 106663K, capacity 110470K, committed 110800K, reserved 612352K
  class space    used 13893K, capacity 15333K, committed 15436K, reserved 516096K
}
Event: 53.480 GC heap after
{Heap after GC invocations=85 (full 0):
 garbage-first heap   total 206848K, used 144192K [0x0000000080000000, 0x0000000100000000)
  region size 1024K, 3 young (3072K), 3 survivors (3072K)
 Metaspace       used 106663K, capacity 110470K, committed 110800K, reserved 612352K
  class space    used 13893K, capacity 15333K, committed 15436K, reserved 516096K
}
Event: 54.078 GC heap before
{Heap before GC invocations=85 (full 0):
 garbage-first heap   total 206848K, used 164672K [0x0000000080000000, 0x0000000100000000)
  region size 1024K, 24 young (24576K), 3 survivors (3072K)
 Metaspace       used 107110K, capacity 110932K, committed 111056K, reserved 612352K
  class space    used 13936K, capacity 15347K, committed 15436K, reserved 516096K
}
Event: 54.095 GC heap after
{Heap after GC invocations=86 (full 0):
 garbage-first heap   total 206848K, used 147690K [0x0000000080000000, 0x0000000100000000)
  region size 1024K, 3 young (3072K), 3 survivors (3072K)
 Metaspace       used 107110K, capacity 110932K, committed 111056K, reserved 612352K
  class space    used 13936K, capacity 15347K, committed 15436K, reserved 516096K
}
Event: 54.525 GC heap before
{Heap before GC invocations=86 (full 0):
 garbage-first heap   total 206848K, used 167146K [0x0000000080000000, 0x0000000100000000)
  region size 1024K, 23 young (23552K), 3 survivors (3072K)
 Metaspace       used 107763K, capacity 111660K, committed 111824K, reserved 614400K
  class space    used 14004K, capacity 15414K, committed 15436K, reserved 516096K
}
Event: 54.537 GC heap after
{Heap after GC invocations=87 (full 0):
 garbage-first heap   total 206848K, used 149618K [0x0000000080000000, 0x0000000100000000)
  region size 1024K, 2 young (2048K), 2 survivors (2048K)
 Metaspace       used 107763K, capacity 111660K, committed 111824K, reserved 614400K
  class space    used 14004K, capacity 15414K, committed 15436K, reserved 516096K
}
Event: 55.037 GC heap before
{Heap before GC invocations=88 (full 0):
 garbage-first heap   total 206848K, used 170098K [0x0000000080000000, 0x0000000100000000)
  region size 1024K, 22 young (22528K), 2 survivors (2048K)
 Metaspace       used 109753K, capacity 113626K, committed 113744K, reserved 614400K
  class space    used 14329K, capacity 15719K, committed 15820K, reserved 516096K
}
Event: 55.049 GC heap after
{Heap after GC invocations=89 (full 0):
 garbage-first heap   total 248832K, used 150300K [0x0000000080000000, 0x0000000100000000)
  region size 1024K, 3 young (3072K), 3 survivors (3072K)
 Metaspace       used 109753K, capacity 113626K, committed 113744K, reserved 614400K
  class space    used 14329K, capacity 15719K, committed 15820K, reserved 516096K
}
Event: 55.797 GC heap before
{Heap before GC invocations=89 (full 0):
 garbage-first heap   total 248832K, used 187164K [0x0000000080000000, 0x0000000100000000)
  region size 1024K, 39 young (39936K), 3 survivors (3072K)
 Metaspace       used 112611K, capacity 116452K, committed 116688K, reserved 618496K
  class space    used 14660K, capacity 16099K, committed 16204K, reserved 516096K
}
Event: 55.813 GC heap after
{Heap after GC invocations=90 (full 0):
 garbage-first heap   total 248832K, used 152692K [0x0000000080000000, 0x0000000100000000)
  region size 1024K, 5 young (5120K), 5 survivors (5120K)
 Metaspace       used 112611K, capacity 116452K, committed 116688K, reserved 618496K
  class space    used 14660K, capacity 16099K, committed 16204K, reserved 516096K
}

